# JRE version: OpenJDK Runtime Environment JBR-17.0.8+7-1000.22-nomod (17.0.8+7) (build 17.0.8+7-b1000.22)
# Java VM: OpenJDK 64-Bit Server VM JBR-17.0.8+7-1000.22-nomod (17.0.8+7-b1000.22, mixed mode, tiered, compressed oops, compressed class ptrs, g1 gc, windows-amd64)
GC Precious Log:
 CPUs: 12 total, 12 available
 Memory: 7399M
 Large Page Support: Disabled
 NUMA Support: Disabled
 Compressed Oops: Enabled (32-bit)
 Heap Region Size: 1M
 Heap Min Capacity: 8M
 Heap Initial Capacity: 116M
 Heap Max Capacity: 1850M
 Pre-touch: Disabled
 Parallel Workers: 10
 Concurrent Workers: 3
 Concurrent Refinement Workers: 10
 Periodic GC: Disabled
Heap:
 garbage-first heap   total 56320K, used 32205K [0x000000008c600000, 0x0000000100000000)
  region size 1024K, 2 young (2048K), 2 survivors (2048K)
 Metaspace       used 33756K, committed 34048K, reserved 1114112K
  class space    used 3901K, committed 4032K, reserved 1048576K
GC Heap History (17 events):
Event: 2.552 GC heap before
{Heap before GC invocations=0 (full 0):
 garbage-first heap   total 118784K, used 25600K [0x000000008c600000, 0x0000000100000000)
  region size 1024K, 23 young (23552K), 0 survivors (0K)
 Metaspace       used 12808K, committed 12928K, reserved 1114112K
  class space    used 1249K, committed 1280K, reserved 1048576K
}
Event: 2.559 GC heap after
{Heap after GC invocations=1 (full 0):
 garbage-first heap   total 118784K, used 8485K [0x000000008c600000, 0x0000000100000000)
  region size 1024K, 3 young (3072K), 3 survivors (3072K)
 Metaspace       used 12808K, committed 12928K, reserved 1114112K
  class space    used 1249K, committed 1280K, reserved 1048576K
}
Event: 4.359 GC heap before
{Heap before GC invocations=1 (full 0):
 garbage-first heap   total 118784K, used 37157K [0x000000008c600000, 0x0000000100000000)
  region size 1024K, 31 young (31744K), 3 survivors (3072K)
 Metaspace       used 21094K, committed 21312K, reserved 1114112K
  class space    used 2311K, committed 2432K, reserved 1048576K
}
Event: 4.369 GC heap after
{Heap after GC invocations=2 (full 0):
 garbage-first heap   total 118784K, used 11070K [0x000000008c600000, 0x0000000100000000)
  region size 1024K, 3 young (3072K), 3 survivors (3072K)
 Metaspace       used 21094K, committed 21312K, reserved 1114112K
  class space    used 2311K, committed 2432K, reserved 1048576K
}
Event: 4.392 GC heap before
{Heap before GC invocations=2 (full 0):
 garbage-first heap   total 118784K, used 12094K [0x000000008c600000, 0x0000000100000000)
  region size 1024K, 5 young (5120K), 3 survivors (3072K)
 Metaspace       used 21338K, committed 21504K, reserved 1114112K
  class space    used 2342K, committed 2432K, reserved 1048576K
}
Event: 4.395 GC heap after
{Heap after GC invocations=3 (full 0):
 garbage-first heap   total 118784K, used 11107K [0x000000008c600000, 0x0000000100000000)
  region size 1024K, 3 young (3072K), 3 survivors (3072K)
 Metaspace       used 21338K, committed 21504K, reserved 1114112K
  class space    used 2342K, committed 2432K, reserved 1048576K
}
Event: 5.165 GC heap before
{Heap before GC invocations=4 (full 0):
 garbage-first heap   total 45056K, used 32611K [0x000000008c600000, 0x0000000100000000)
  region size 1024K, 25 young (25600K), 3 survivors (3072K)
 Metaspace       used 28043K, committed 28288K, reserved 1114112K
  class space    used 3127K, committed 3264K, reserved 1048576K
}
Event: 5.173 GC heap after
{Heap after GC invocations=5 (full 0):
 garbage-first heap   total 45056K, used 13816K [0x000000008c600000, 0x0000000100000000)
  region size 1024K, 3 young (3072K), 3 survivors (3072K)
 Metaspace       used 28043K, committed 28288K, reserved 1114112K
  class space    used 3127K, committed 3264K, reserved 1048576K
}
Event: 5.193 GC heap before
{Heap before GC invocations=5 (full 0):
 garbage-first heap   total 45056K, used 14840K [0x000000008c600000, 0x0000000100000000)
  region size 1024K, 4 young (4096K), 3 survivors (3072K)
 Metaspace       used 28279K, committed 28544K, reserved 1114112K
  class space    used 3155K, committed 3264K, reserved 1048576K
}
Event: 5.197 GC heap after
{Heap after GC invocations=6 (full 0):
 garbage-first heap   total 45056K, used 14166K [0x000000008c600000, 0x0000000100000000)
  region size 1024K, 1 young (1024K), 1 survivors (1024K)
 Metaspace       used 28279K, committed 28544K, reserved 1114112K
  class space    used 3155K, committed 3264K, reserved 1048576K
}
Event: 7.472 GC heap before
{Heap before GC invocations=6 (full 0):
 garbage-first heap   total 45056K, used 35670K [0x000000008c600000, 0x0000000100000000)
  region size 1024K, 17 young (17408K), 1 survivors (1024K)
 Metaspace       used 32081K, committed 32256K, reserved 1114112K
  class space    used 3699K, committed 3776K, reserved 1048576K
}
Event: 7.476 GC heap after
{Heap after GC invocations=7 (full 0):
 garbage-first heap   total 45056K, used 19759K [0x000000008c600000, 0x0000000100000000)
  region size 1024K, 1 young (1024K), 1 survivors (1024K)
 Metaspace       used 32081K, committed 32256K, reserved 1114112K
  class space    used 3699K, committed 3776K, reserved 1048576K
}
Event: 13.364 GC heap before
{Heap before GC invocations=7 (full 0):
 garbage-first heap   total 45056K, used 26927K [0x000000008c600000, 0x0000000100000000)
  region size 1024K, 9 young (9216K), 1 survivors (1024K)
 Metaspace       used 33340K, committed 33536K, reserved 1114112K
  class space    used 3864K, committed 3968K, reserved 1048576K
}
Event: 13.368 GC heap after
{Heap after GC invocations=8 (full 0):
 garbage-first heap   total 45056K, used 20704K [0x000000008c600000, 0x0000000100000000)
  region size 1024K, 2 young (2048K), 2 survivors (2048K)
 Metaspace       used 33340K, committed 33536K, reserved 1114112K
  class space    used 3864K, committed 3968K, reserved 1048576K
}
Event: 40.482 GC heap before
{Heap before GC invocations=8 (full 0):
 garbage-first heap   total 45056K, used 29920K [0x000000008c600000, 0x0000000100000000)
  region size 1024K, 7 young (7168K), 2 survivors (2048K)
 Metaspace       used 33519K, committed 33792K, reserved 1114112K
  class space    used 3874K, committed 3968K, reserved 1048576K
}
Event: 40.486 GC heap after
{Heap after GC invocations=9 (full 0):
 garbage-first heap   total 45056K, used 26571K [0x000000008c600000, 0x0000000100000000)
  region size 1024K, 2 young (2048K), 2 survivors (2048K)
 Metaspace       used 33519K, committed 33792K, reserved 1114112K
  class space    used 3874K, committed 3968K, reserved 1048576K
}
Event: 49.064 GC heap before
{Heap before GC invocations=10 (full 0):
 garbage-first heap   total 56320K, used 33739K [0x000000008c600000, 0x0000000100000000)
  region size 1024K, 6 young (6144K), 2 survivors (2048K)
 Metaspace       used 33756K, committed 34048K, reserved 1114112K
  class space    used 3901K, committed 4032K, reserved 1048576K
}

