# JRE version: OpenJDK Runtime Environment JBR-17.0.8+7-1000.22-nomod (17.0.8+7) (build 17.0.8+7-b1000.22)
# Java VM: OpenJDK 64-Bit Server VM JBR-17.0.8+7-1000.22-nomod (17.0.8+7-b1000.22, mixed mode, tiered, compressed oops, compressed class ptrs, g1 gc, windows-amd64)
GC Precious Log:
 CPUs: 12 total, 12 available
 Memory: 7399M
 Large Page Support: Disabled
 NUMA Support: Disabled
 Compressed Oops: Enabled (32-bit)
 Heap Region Size: 1M
 Heap Min Capacity: 8M
 Heap Initial Capacity: 116M
 Heap Max Capacity: 1850M
 Pre-touch: Disabled
 Parallel Workers: 10
 Concurrent Workers: 3
 Concurrent Refinement Workers: 10
 Periodic GC: Disabled
Heap:
 garbage-first heap   total 40960K, used 31691K [0x000000008c600000, 0x0000000100000000)
  region size 1024K, 18 young (18432K), 4 survivors (4096K)
 Metaspace       used 31003K, committed 31232K, reserved 1114112K
  class space    used 3613K, committed 3712K, reserved 1048576K
GC Heap History (6 events):
Event: 1.471 GC heap before
{Heap before GC invocations=0 (full 0):
 garbage-first heap   total 118784K, used 25600K [0x000000008c600000, 0x0000000100000000)
  region size 1024K, 23 young (23552K), 0 survivors (0K)
 Metaspace       used 14671K, committed 14848K, reserved 1114112K
  class space    used 1451K, committed 1536K, reserved 1048576K
}
Event: 1.482 GC heap after
{Heap after GC invocations=1 (full 0):
 garbage-first heap   total 118784K, used 9416K [0x000000008c600000, 0x0000000100000000)
  region size 1024K, 3 young (3072K), 3 survivors (3072K)
 Metaspace       used 14671K, committed 14848K, reserved 1114112K
  class space    used 1451K, committed 1536K, reserved 1048576K
}
Event: 3.324 GC heap before
{Heap before GC invocations=1 (full 0):
 garbage-first heap   total 118784K, used 25800K [0x000000008c600000, 0x0000000100000000)
  region size 1024K, 21 young (21504K), 3 survivors (3072K)
 Metaspace       used 21312K, committed 21504K, reserved 1114112K
  class space    used 2339K, committed 2432K, reserved 1048576K
}
Event: 3.332 GC heap after
{Heap after GC invocations=2 (full 0):
 garbage-first heap   total 118784K, used 10965K [0x000000008c600000, 0x0000000100000000)
  region size 1024K, 2 young (2048K), 2 survivors (2048K)
 Metaspace       used 21312K, committed 21504K, reserved 1114112K
  class space    used 2339K, committed 2432K, reserved 1048576K
}
Event: 4.039 GC heap before
{Heap before GC invocations=3 (full 0):
 garbage-first heap   total 40960K, used 29397K [0x000000008c600000, 0x0000000100000000)
  region size 1024K, 21 young (21504K), 2 survivors (2048K)
 Metaspace       used 27155K, committed 27392K, reserved 1114112K
  class space    used 3078K, committed 3200K, reserved 1048576K
}
Event: 4.046 GC heap after
{Heap after GC invocations=4 (full 0):
 garbage-first heap   total 40960K, used 13259K [0x000000008c600000, 0x0000000100000000)
  region size 1024K, 4 young (4096K), 4 survivors (4096K)
 Metaspace       used 27155K, committed 27392K, reserved 1114112K
  class space    used 3078K, committed 3200K, reserved 1048576K
}

